#
# An unexpected error has occurred (6)
#
Stack:
/lib/x86_64-linux-gnu/libc.so.6(+0x36cb0) [0x7f8d70df2cb0]
/lib/x86_64-linux-gnu/libc.so.6(gsignal+0x37) [0x7f8d70df2c37]
/lib/x86_64-linux-gnu/libc.so.6(abort+0x148) [0x7f8d70df6028]
/opt/Xilinx/Vivado/2015.4/lib/lnx64.o/libtcl8.5.so(Tcl_PanicVA+0x177) [0x7f8d6cf3ac07]
/opt/Xilinx/Vivado/2015.4/lib/lnx64.o/libtcl8.5.so(Tcl_Panic+0x8c) [0x7f8d6cf3acbc]
/opt/Xilinx/Vivado/2015.4/lib/lnx64.o/libtcl8.5.so(TclStackFree+0x49) [0x7f8d6cf05019]
/opt/Xilinx/Vivado/2015.4/lib/lnx64.o/libtcl8.5.so(+0x75fcb) [0x7f8d6cf05fcb]
/opt/Xilinx/Vivado/2015.4/lib/lnx64.o/libtcl8.5.so(+0x7e767) [0x7f8d6cf0e767]
/opt/Xilinx/Vivado/2015.4/lib/lnx64.o/libtcl8.5.so(TclEvalObjEx+0x77) [0x7f8d6cec5327]
/opt/Xilinx/Vivado/2015.4/lib/lnx64.o/libtcl8.5.so(+0xb740f) [0x7f8d6cf4740f]
/opt/Xilinx/Vivado/2015.4/lib/lnx64.o/libtcl8.5.so(+0x331f5) [0x7f8d6cec31f5]
/opt/Xilinx/Vivado/2015.4/lib/lnx64.o/libtcl8.5.so(+0x76bbe) [0x7f8d6cf06bbe]
/opt/Xilinx/Vivado/2015.4/lib/lnx64.o/libtcl8.5.so(+0x7e767) [0x7f8d6cf0e767]
/opt/Xilinx/Vivado/2015.4/lib/lnx64.o/libtcl8.5.so(TclEvalObjEx+0x77) [0x7f8d6cec5327]
/opt/Xilinx/Vivado/2015.4/lib/lnx64.o/librdi_commontasks.so(+0x2a2224) [0x7f8d68af6224]
/opt/Xilinx/Vivado/2015.4/lib/lnx64.o/libtcl8.5.so(+0x331f5) [0x7f8d6cec31f5]
/opt/Xilinx/Vivado/2015.4/lib/lnx64.o/libtcl8.5.so(+0x34d6b) [0x7f8d6cec4d6b]
/opt/Xilinx/Vivado/2015.4/lib/lnx64.o/libtcl8.5.so(+0xad531) [0x7f8d6cf3d531]
/opt/Xilinx/Vivado/2015.4/lib/lnx64.o/libtcl8.5.so(+0x3491c) [0x7f8d6cec491c]
/opt/Xilinx/Vivado/2015.4/lib/lnx64.o/libtcl8.5.so(Tcl_EvalEx+0x16) [0x7f8d6cec5276]
/opt/Xilinx/Vivado/2015.4/lib/lnx64.o/libtcl8.5.so(Tcl_FSEvalFileEx+0x1d2) [0x7f8d6cf29d02]
/opt/Xilinx/Vivado/2015.4/lib/lnx64.o/librdi_commontasks.so(+0x2bf325) [0x7f8d68b13325]
/opt/Xilinx/Vivado/2015.4/lib/lnx64.o/librdi_common.so(+0x5478a2) [0x7f8d71ded8a2]
/opt/Xilinx/Vivado/2015.4/lib/lnx64.o/libtcl8.5.so(+0x331f5) [0x7f8d6cec31f5]
/opt/Xilinx/Vivado/2015.4/lib/lnx64.o/libtcl8.5.so(Tcl_EvalObjv+0x32) [0x7f8d6cec37e2]
/opt/Xilinx/Vivado/2015.4/lib/lnx64.o/libtcl8.5.so(TclEvalObjEx+0x322) [0x7f8d6cec55d2]
/opt/Xilinx/Vivado/2015.4/lib/lnx64.o/librdi_common.so(hdi::tcltasks::task_manager::eval_in_tcl(Tcl_Interp*, Tcl_Obj*, char const*, bool)+0x84d) [0x7f8d71def2dd]
/opt/Xilinx/Vivado/2015.4/lib/lnx64.o/librdi_designutils.so(HRTInvoker::inProcessLaunch(HDGUIStatus&)+0x1c9) [0x7f8d5f07e9f9]
/opt/Xilinx/Vivado/2015.4/lib/lnx64.o/librdi_designutils.so(HRTInvoker::launch(HDGUIStatus&)+0x4b5) [0x7f8d5f07f755]
/opt/Xilinx/Vivado/2015.4/lib/lnx64.o/librdi_vivadotasks.so(+0x358778) [0x7f8d433ce778]
/opt/Xilinx/Vivado/2015.4/lib/lnx64.o/librdi_vivadotasks.so(+0x35f5b0) [0x7f8d433d55b0]
/opt/Xilinx/Vivado/2015.4/lib/lnx64.o/librdi_common.so(+0x5478a2) [0x7f8d71ded8a2]
/opt/Xilinx/Vivado/2015.4/lib/lnx64.o/libtcl8.5.so(+0x331f5) [0x7f8d6cec31f5]
/opt/Xilinx/Vivado/2015.4/lib/lnx64.o/libtcl8.5.so(+0x34d6b) [0x7f8d6cec4d6b]
/opt/Xilinx/Vivado/2015.4/lib/lnx64.o/libtcl8.5.so(Tcl_EvalEx+0x16) [0x7f8d6cec5276]
/opt/Xilinx/Vivado/2015.4/lib/lnx64.o/libtcl8.5.so(Tcl_FSEvalFileEx+0x1d2) [0x7f8d6cf29d02]
/opt/Xilinx/Vivado/2015.4/lib/lnx64.o/librdi_commontasks.so(+0x2bf325) [0x7f8d68b13325]
/opt/Xilinx/Vivado/2015.4/lib/lnx64.o/librdi_common.so(+0x5478a2) [0x7f8d71ded8a2]
/opt/Xilinx/Vivado/2015.4/lib/lnx64.o/libtcl8.5.so(+0x331f5) [0x7f8d6cec31f5]
/opt/Xilinx/Vivado/2015.4/lib/lnx64.o/libtcl8.5.so(Tcl_EvalObjv+0x32) [0x7f8d6cec37e2]
/opt/Xilinx/Vivado/2015.4/lib/lnx64.o/libtcl8.5.so(TclEvalObjEx+0x322) [0x7f8d6cec55d2]
/opt/Xilinx/Vivado/2015.4/lib/lnx64.o/librdi_commontasks.so(+0x2dd3d9) [0x7f8d68b313d9]
/opt/Xilinx/Vivado/2015.4/lib/lnx64.o/librdi_commontasks.so(+0x2d64d3) [0x7f8d68b2a4d3]
/opt/Xilinx/Vivado/2015.4/lib/lnx64.o/librdi_common.so(+0x5478a2) [0x7f8d71ded8a2]
/opt/Xilinx/Vivado/2015.4/lib/lnx64.o/libtcl8.5.so(+0x331f5) [0x7f8d6cec31f5]
/opt/Xilinx/Vivado/2015.4/lib/lnx64.o/libtcl8.5.so(Tcl_EvalObjv+0x32) [0x7f8d6cec37e2]
/opt/Xilinx/Vivado/2015.4/lib/lnx64.o/libtcl8.5.so(TclEvalObjEx+0x322) [0x7f8d6cec55d2]
/opt/Xilinx/Vivado/2015.4/lib/lnx64.o/librdi_commonmain.so(+0x5f00) [0x7f8d716a1f00]
/opt/Xilinx/Vivado/2015.4/lib/lnx64.o/libtcl8.5.so(Tcl_Main+0x1d5) [0x7f8d6cf30175]
/opt/Xilinx/Vivado/2015.4/lib/lnx64.o/librdi_common.so(+0x580749) [0x7f8d71e26749]
/lib/x86_64-linux-gnu/libpthread.so.0(+0x8184) [0x7f8d708a0184]
/lib/x86_64-linux-gnu/libc.so.6(clone+0x6d) [0x7f8d70eb9bed]
